<?xml version="1.0" encoding="UTF-8"?>
<!-- Generated by org.testng.reporters.JUnitXMLReporter -->
<testsuite ignored="10" hostname="DESKTOP-Q9RCK1B" failures="1" tests="1" name="Default test" time="4.324" errors="0" timestamp="2023-06-20T22:08:49 PDT">
  <testcase classname="com.automation.tests.AutomationScripts" name="testcase01_login_error_message" time="0.245">
    <failure type="java.lang.NullPointerException" message="Cannot invoke &amp;quot;com.aventstack.extentreports.ExtentTest.log(com.aventstack.extentreports.Status, String)&amp;quot; because &amp;quot;com.automation.utility.ExtentReportsUtility.testLogger&amp;quot; is null">
      <![CDATA[java.lang.NullPointerException: Cannot invoke "com.aventstack.extentreports.ExtentTest.log(com.aventstack.extentreports.Status, String)" because "com.automation.utility.ExtentReportsUtility.testLogger" is null
at com.automation.utility.ExtentReportsUtility.logTestInfo(ExtentReportsUtility.java:67)
at com.automation.pages.base.BasePage.clearElement(BasePage.java:91)
at com.automation.pages.base.BasePage.enterText(BasePage.java:71)
at com.automation.pages.login.LoginPage.enterUsername(LoginPage.java:53)
at com.automation.tests.LoginTests.login_without_password(LoginTests.java:27)
at com.automation.tests.AutomationScripts.testcase01_login_error_message(AutomationScripts.java:40)
at java.base/jdk.internal.reflect.NativeMethodAccessorImpl.invoke0(Native Method)
at java.base/jdk.internal.reflect.NativeMethodAccessorImpl.invoke(NativeMethodAccessorImpl.java:77)
at java.base/jdk.internal.reflect.DelegatingMethodAccessorImpl.invoke(DelegatingMethodAccessorImpl.java:43)
at java.base/java.lang.reflect.Method.invoke(Method.java:568)
at org.testng.internal.invokers.MethodInvocationHelper.invokeMethod(MethodInvocationHelper.java:139)
at org.testng.internal.invokers.TestInvoker.invokeMethod(TestInvoker.java:677)
at org.testng.internal.invokers.TestInvoker.invokeTestMethod(TestInvoker.java:221)
at org.testng.internal.invokers.MethodRunner.runInSequence(MethodRunner.java:50)
at org.testng.internal.invokers.TestInvoker$MethodInvocationAgent.invoke(TestInvoker.java:969)
at org.testng.internal.invokers.TestInvoker.invokeTestMethods(TestInvoker.java:194)
at org.testng.internal.invokers.TestMethodWorker.invokeTestMethods(TestMethodWorker.java:148)
at org.testng.internal.invokers.TestMethodWorker.run(TestMethodWorker.java:128)
at java.base/java.util.ArrayList.forEach(ArrayList.java:1511)
at org.testng.TestRunner.privateRun(TestRunner.java:829)
at org.testng.TestRunner.run(TestRunner.java:602)
at org.testng.SuiteRunner.runTest(SuiteRunner.java:437)
at org.testng.SuiteRunner.runSequentially(SuiteRunner.java:431)
at org.testng.SuiteRunner.privateRun(SuiteRunner.java:391)
at org.testng.SuiteRunner.run(SuiteRunner.java:330)
at org.testng.SuiteRunnerWorker.runSuite(SuiteRunnerWorker.java:52)
at org.testng.SuiteRunnerWorker.run(SuiteRunnerWorker.java:95)
at org.testng.TestNG.runSuitesSequentially(TestNG.java:1256)
at org.testng.TestNG.runSuitesLocally(TestNG.java:1176)
at org.testng.TestNG.runSuites(TestNG.java:1099)
at org.testng.TestNG.run(TestNG.java:1067)
at org.testng.remote.AbstractRemoteTestNG.run(AbstractRemoteTestNG.java:115)
at org.testng.remote.RemoteTestNG.initAndRun(RemoteTestNG.java:251)
at org.testng.remote.RemoteTestNG.main(RemoteTestNG.java:77)
]]>
    </failure>
  </testcase> <!-- testcase01_login_error_message -->
  <testcase classname="com.automation.tests.AutomationScripts" name="testcase05_username_dropdown" time="0.0">
    <ignored/>
  </testcase> <!-- testcase05_username_dropdown -->
  <testcase classname="com.automation.tests.AutomationScripts" name="testcase04a_forgot_password" time="0.0">
    <ignored/>
  </testcase> <!-- testcase04a_forgot_password -->
  <testcase classname="com.automation.tests.AutomationScripts" name="testcase07_mySettings" time="0.0">
    <ignored/>
  </testcase> <!-- testcase07_mySettings -->
  <testcase classname="com.automation.tests.AutomationScripts" name="testcase08_developersConsole" time="0.0">
    <ignored/>
  </testcase> <!-- testcase08_developersConsole -->
  <testcase classname="com.automation.tests.AutomationScripts" name="testcase02_login_to_sales_force" time="0.0">
    <ignored/>
  </testcase> <!-- testcase02_login_to_sales_force -->
  <testcase classname="com.automation.tests.AutomationScripts" name="testcase06_myProfile_option" time="0.0">
    <ignored/>
  </testcase> <!-- testcase06_myProfile_option -->
  <testcase classname="com.automation.tests.AutomationScripts" name="testcase09_logout_option" time="0.0">
    <ignored/>
  </testcase> <!-- testcase09_logout_option -->
  <testcase classname="com.automation.tests.AutomationScripts" name="testcase03_check_remember_me" time="0.0">
    <ignored/>
  </testcase> <!-- testcase03_check_remember_me -->
  <testcase classname="com.automation.tests.AutomationScripts" name="testcase10_create_account" time="0.0">
    <ignored/>
  </testcase> <!-- testcase10_create_account -->
  <testcase classname="com.automation.tests.AutomationScripts" name="testcase04b_forgot_password" time="0.0">
    <ignored/>
  </testcase> <!-- testcase04b_forgot_password -->
</testsuite> <!-- Default test -->
