<?xml version="1.0" encoding="UTF-8"?>
<!-- Generated by org.testng.reporters.JUnitXMLReporter -->
<testsuite ignored="37" hostname="DESKTOP-Q9RCK1B" failures="1" tests="1" name="Default test" time="0.054" errors="0" timestamp="2023-06-20T14:15:22 PDT">
  <testcase classname="com.firebase.tests.SalesForceAutomation3TestNG" name="login_to_salesforce_2_testcase" time="0.0">
    <failure type="org.testng.TestNGException" message="
Cannot inject @Test annotated Method [login_to_salesforce_2_testcase] with [class java.util.Properties].
For more information on native dependency injection please refer to https://testng.org/doc/documentation-main.html#native-dependency-injection">
      <![CDATA[org.testng.TestNGException: 
Cannot inject @Test annotated Method [login_to_salesforce_2_testcase] with [class java.util.Properties].
For more information on native dependency injection please refer to https://testng.org/doc/documentation-main.html#native-dependency-injection
at org.testng.internal.Parameters.checkParameterTypes(Parameters.java:436)
at org.testng.internal.Parameters.createParametersForMethod(Parameters.java:350)
at org.testng.internal.Parameters.createParameters(Parameters.java:693)
at org.testng.internal.Parameters.handleParameters(Parameters.java:879)
at org.testng.internal.Parameters.handleParameters(Parameters.java:728)
at org.testng.internal.invokers.ParameterHandler.handleParameters(ParameterHandler.java:72)
at org.testng.internal.invokers.ParameterHandler.createParameters(ParameterHandler.java:51)
at org.testng.internal.invokers.TestInvoker$MethodInvocationAgent.invoke(TestInvoker.java:924)
at org.testng.internal.invokers.TestInvoker.invokeTestMethods(TestInvoker.java:194)
at org.testng.internal.invokers.TestMethodWorker.invokeTestMethods(TestMethodWorker.java:148)
at org.testng.internal.invokers.TestMethodWorker.run(TestMethodWorker.java:128)
at java.base/java.util.ArrayList.forEach(ArrayList.java:1511)
at org.testng.TestRunner.privateRun(TestRunner.java:829)
at org.testng.TestRunner.run(TestRunner.java:602)
at org.testng.SuiteRunner.runTest(SuiteRunner.java:437)
at org.testng.SuiteRunner.runSequentially(SuiteRunner.java:431)
at org.testng.SuiteRunner.privateRun(SuiteRunner.java:391)
at org.testng.SuiteRunner.run(SuiteRunner.java:330)
at org.testng.SuiteRunnerWorker.runSuite(SuiteRunnerWorker.java:52)
at org.testng.SuiteRunnerWorker.run(SuiteRunnerWorker.java:95)
at org.testng.TestNG.runSuitesSequentially(TestNG.java:1256)
at org.testng.TestNG.runSuitesLocally(TestNG.java:1176)
at org.testng.TestNG.runSuites(TestNG.java:1099)
at org.testng.TestNG.run(TestNG.java:1067)
at org.testng.remote.AbstractRemoteTestNG.run(AbstractRemoteTestNG.java:115)
at org.testng.remote.RemoteTestNG.initAndRun(RemoteTestNG.java:251)
at org.testng.remote.RemoteTestNG.main(RemoteTestNG.java:77)
]]>
    </failure>
  </testcase> <!-- login_to_salesforce_2_testcase -->
  <testcase classname="com.firebase.tests.SalesForceAutomation3TestNG" name="contactName_30_testcase" time="0.0">
    <ignored/>
  </testcase> <!-- contactName_30_testcase -->
  <testcase classname="com.firebase.tests.SalesForceAutomation3TestNG" name="opportunities_15_testcase" time="0.0">
    <ignored/>
  </testcase> <!-- opportunities_15_testcase -->
  <testcase classname="com.firebase.tests.SalesForceAutomation3TestNG" name="recentCreatedContact_27_testcase" time="0.0">
    <ignored/>
  </testcase> <!-- recentCreatedContact_27_testcase -->
  <testcase classname="com.firebase.tests.SalesForceAutomation3TestNG" name="mergeAccounts_13_testcase" time="0.0">
    <ignored/>
  </testcase> <!-- mergeAccounts_13_testcase -->
  <testcase classname="com.firebase.tests.SalesForceAutomation3TestNG" name="developersConsole_option_8_testcase" time="0.0">
    <ignored/>
  </testcase> <!-- developersConsole_option_8_testcase -->
  <testcase classname="com.firebase.tests.SalesForceAutomation3TestNG" name="logout_option_9_testcase" time="0.0">
    <ignored/>
  </testcase> <!-- logout_option_9_testcase -->
  <testcase classname="com.firebase.tests.SalesForceAutomation3TestNG" name="quarterlySummartReport_19_testcase" time="0.0">
    <ignored/>
  </testcase> <!-- quarterlySummartReport_19_testcase -->
  <testcase classname="com.firebase.tests.SalesForceAutomation3TestNG" name="saveNewButton_32_testcase" time="0.0">
    <ignored/>
  </testcase> <!-- saveNewButton_32_testcase -->
  <testcase classname="com.firebase.tests.SalesForceAutomation3TestNG" name="myContacts_28_testcase" time="0.0">
    <ignored/>
  </testcase> <!-- myContacts_28_testcase -->
  <testcase classname="com.firebase.tests.SalesForceAutomation3TestNG" name="check_remember_me_3_testcase" time="0.0">
    <ignored/>
  </testcase> <!-- check_remember_me_3_testcase -->
  <testcase classname="com.firebase.tests.SalesForceAutomation3TestNG" name="stuckOpportunities_18_testcase" time="0.0">
    <ignored/>
  </testcase> <!-- stuckOpportunities_18_testcase -->
  <testcase classname="com.firebase.tests.SalesForceAutomation3TestNG" name="createAnAccount_option_10_testcase" time="0.0">
    <ignored/>
  </testcase> <!-- createAnAccount_option_10_testcase -->
  <testcase classname="com.firebase.tests.SalesForceAutomation3TestNG" name="forgot_password_4A_testcase" time="0.0">
    <ignored/>
  </testcase> <!-- forgot_password_4A_testcase -->
  <testcase classname="com.firebase.tests.SalesForceAutomation3TestNG" name="blockingAnEventInCalendar_36_testcase" time="0.0">
    <ignored/>
  </testcase> <!-- blockingAnEventInCalendar_36_testcase -->
  <testcase classname="com.firebase.tests.SalesForceAutomation3TestNG" name="validateViewDropDown_21_testcase" time="0.0">
    <ignored/>
  </testcase> <!-- validateViewDropDown_21_testcase -->
  <testcase classname="com.firebase.tests.SalesForceAutomation3TestNG" name="verifyFirstLastName_33_testcase" time="0.0">
    <ignored/>
  </testcase> <!-- verifyFirstLastName_33_testcase -->
  <testcase classname="com.firebase.tests.SalesForceAutomation3TestNG" name="newLeads_24_testcase" time="0.0">
    <ignored/>
  </testcase> <!-- newLeads_24_testcase -->
  <testcase classname="com.firebase.tests.SalesForceAutomation3TestNG" name="todaysLeads_23_testcase" time="0.0">
    <ignored/>
  </testcase> <!-- todaysLeads_23_testcase -->
  <testcase classname="com.firebase.tests.SalesForceAutomation3TestNG" name="quarterlySummartReport_20_testcase" time="0.0">
    <ignored/>
  </testcase> <!-- quarterlySummartReport_20_testcase -->
  <testcase classname="com.firebase.tests.SalesForceAutomation3TestNG" name="mySettings_7_testcase" time="0.0">
    <ignored/>
  </testcase> <!-- mySettings_7_testcase -->
  <testcase classname="com.firebase.tests.SalesForceAutomation3TestNG" name="forgot_password_4B_testcase" time="0.0">
    <ignored/>
  </testcase> <!-- forgot_password_4B_testcase -->
  <testcase classname="com.firebase.tests.SalesForceAutomation3TestNG" name="username_dropdown_5_testcase" time="0.0">
    <ignored/>
  </testcase> <!-- username_dropdown_5_testcase -->
  <testcase classname="com.firebase.tests.SalesForceAutomation3TestNG" name="viewUniqueName_26_testcase" time="0.0">
    <ignored/>
  </testcase> <!-- viewUniqueName_26_testcase -->
  <testcase classname="com.firebase.tests.SalesForceAutomation3TestNG" name="createNewContact_25_testcase" time="0.0">
    <ignored/>
  </testcase> <!-- createNewContact_25_testcase -->
  <testcase classname="com.firebase.tests.SalesForceAutomation3TestNG" name="functionalityOfGoBtn_22_testcase" time="0.0">
    <ignored/>
  </testcase> <!-- functionalityOfGoBtn_22_testcase -->
  <testcase classname="com.firebase.tests.SalesForceAutomation3TestNG" name="pipelineReport_17_testcase" time="0.0">
    <ignored/>
  </testcase> <!-- pipelineReport_17_testcase -->
  <testcase classname="com.firebase.tests.SalesForceAutomation3TestNG" name="cancelButton_31_testcase" time="0.0">
    <ignored/>
  </testcase> <!-- cancelButton_31_testcase -->
  <testcase classname="com.firebase.tests.SalesForceAutomation3TestNG" name="contactName_29_testcase" time="0.0">
    <ignored/>
  </testcase> <!-- contactName_29_testcase -->
  <testcase classname="com.firebase.tests.SalesForceAutomation3TestNG" name="verifyTabCustomization_35_testcase" time="0.0">
    <ignored/>
  </testcase> <!-- verifyTabCustomization_35_testcase -->
  <testcase classname="com.firebase.tests.SalesForceAutomation3TestNG" name="createANewView_11_testcase" time="0.0">
    <ignored/>
  </testcase> <!-- createANewView_11_testcase -->
  <testcase classname="com.firebase.tests.SalesForceAutomation3TestNG" name="createAccountReport_14_testcase" time="0.0">
    <ignored/>
  </testcase> <!-- createAccountReport_14_testcase -->
  <testcase classname="com.firebase.tests.SalesForceAutomation3TestNG" name="createNewOpty_16_testcase" time="0.0">
    <ignored/>
  </testcase> <!-- createNewOpty_16_testcase -->
  <testcase classname="com.firebase.tests.SalesForceAutomation3TestNG" name="blockingAnEventInCalendar_37_testcase" time="0.0">
    <ignored/>
  </testcase> <!-- blockingAnEventInCalendar_37_testcase -->
  <testcase classname="com.firebase.tests.SalesForceAutomation3TestNG" name="myProfile_option_6_testcase" time="0.0">
    <ignored/>
  </testcase> <!-- myProfile_option_6_testcase -->
  <testcase classname="com.firebase.tests.SalesForceAutomation3TestNG" name="updatedLastNameVerify_34_testcase" time="0.0">
    <ignored/>
  </testcase> <!-- updatedLastNameVerify_34_testcase -->
  <testcase classname="com.firebase.tests.SalesForceAutomation3TestNG" name="editView_12_testcase" time="0.0">
    <ignored/>
  </testcase> <!-- editView_12_testcase -->
  <testcase classname="com.firebase.tests.SalesForceAutomation3TestNG" name="login_error_message_1_testcase" time="0.0">
    <ignored/>
  </testcase> <!-- login_error_message_1_testcase -->
</testsuite> <!-- Default test -->
