<?xml version="1.0" encoding="UTF-8"?>
<!-- Generated by org.testng.reporters.JUnitXMLReporter -->
<testsuite ignored="0" hostname="DESKTOP-Q9RCK1B" failures="0" tests="3" name="Default test" time="0.822" errors="0" timestamp="2023-06-07T18:06:25 PDT">
  <testcase classname="com.automation.base.BaseTest" name="@BeforeMethod setUpBeforeTestMethod" time="0.008">
    <failure type="java.lang.NullPointerException" message="Cannot invoke &amp;quot;org.openqa.selenium.WebDriver.get(String)&amp;quot; because &amp;quot;com.automation.base.BaseTest.driver&amp;quot; is null">
      <![CDATA[java.lang.NullPointerException: Cannot invoke "org.openqa.selenium.WebDriver.get(String)" because "com.automation.base.BaseTest.driver" is null
at com.automation.base.BaseTest.goToUrl(BaseTest.java:207)
at com.automation.base.BaseTest.setUpBeforeTestMethod(BaseTest.java:64)
at java.base/jdk.internal.reflect.NativeMethodAccessorImpl.invoke0(Native Method)
at java.base/jdk.internal.reflect.NativeMethodAccessorImpl.invoke(NativeMethodAccessorImpl.java:77)
at java.base/jdk.internal.reflect.DelegatingMethodAccessorImpl.invoke(DelegatingMethodAccessorImpl.java:43)
at java.base/java.lang.reflect.Method.invoke(Method.java:568)
at org.testng.internal.invokers.MethodInvocationHelper.invokeMethod(MethodInvocationHelper.java:139)
at org.testng.internal.invokers.MethodInvocationHelper.invokeMethodConsideringTimeout(MethodInvocationHelper.java:69)
at org.testng.internal.invokers.ConfigInvoker.invokeConfigurationMethod(ConfigInvoker.java:361)
at org.testng.internal.invokers.ConfigInvoker.invokeConfigurations(ConfigInvoker.java:296)
at org.testng.internal.invokers.TestInvoker.runConfigMethods(TestInvoker.java:823)
at org.testng.internal.invokers.TestInvoker.invokeMethod(TestInvoker.java:590)
at org.testng.internal.invokers.TestInvoker.invokeTestMethod(TestInvoker.java:221)
at org.testng.internal.invokers.MethodRunner.runInSequence(MethodRunner.java:50)
at org.testng.internal.invokers.TestInvoker$MethodInvocationAgent.invoke(TestInvoker.java:969)
at org.testng.internal.invokers.TestInvoker.invokeTestMethods(TestInvoker.java:194)
at org.testng.internal.invokers.TestMethodWorker.invokeTestMethods(TestMethodWorker.java:148)
at org.testng.internal.invokers.TestMethodWorker.run(TestMethodWorker.java:128)
at java.base/java.util.ArrayList.forEach(ArrayList.java:1511)
at org.testng.TestRunner.privateRun(TestRunner.java:829)
at org.testng.TestRunner.run(TestRunner.java:602)
at org.testng.SuiteRunner.runTest(SuiteRunner.java:437)
at org.testng.SuiteRunner.runSequentially(SuiteRunner.java:431)
at org.testng.SuiteRunner.privateRun(SuiteRunner.java:391)
at org.testng.SuiteRunner.run(SuiteRunner.java:330)
at org.testng.SuiteRunnerWorker.runSuite(SuiteRunnerWorker.java:52)
at org.testng.SuiteRunnerWorker.run(SuiteRunnerWorker.java:95)
at org.testng.TestNG.runSuitesSequentially(TestNG.java:1256)
at org.testng.TestNG.runSuitesLocally(TestNG.java:1176)
at org.testng.TestNG.runSuites(TestNG.java:1099)
at org.testng.TestNG.run(TestNG.java:1067)
at org.testng.remote.AbstractRemoteTestNG.run(AbstractRemoteTestNG.java:115)
at org.testng.remote.RemoteTestNG.initAndRun(RemoteTestNG.java:251)
at org.testng.remote.RemoteTestNG.main(RemoteTestNG.java:77)
]]>
    </failure>
  </testcase> <!-- @BeforeMethod setUpBeforeTestMethod -->
  <testcase classname="com.automation.base.BaseTest" name="@AfterMethod tearDownAfterTestMethod" time="0.0">
    <skipped/>
  </testcase> <!-- @AfterMethod tearDownAfterTestMethod -->
  <testcase classname="com.automation.base.BaseTest" name="@BeforeMethod setUpBeforeTestMethod" time="0.0">
    <skipped/>
  </testcase> <!-- @BeforeMethod setUpBeforeTestMethod -->
  <testcase classname="com.automation.base.BaseTest" name="@AfterMethod tearDownAfterTestMethod" time="0.0">
    <skipped/>
  </testcase> <!-- @AfterMethod tearDownAfterTestMethod -->
  <testcase classname="com.automation.base.BaseTest" name="@BeforeMethod setUpBeforeTestMethod" time="0.0">
    <skipped/>
  </testcase> <!-- @BeforeMethod setUpBeforeTestMethod -->
  <testcase classname="com.automation.base.BaseTest" name="@AfterMethod tearDownAfterTestMethod" time="0.0">
    <skipped/>
  </testcase> <!-- @AfterMethod tearDownAfterTestMethod -->
  <testcase classname="com.automation.tests.AutomationScripts" name="Student_registration_Form" time="0.0">
    <skipped/>
  </testcase> <!-- Student_registration_Form -->
  <testcase classname="com.automation.tests.AutomationScripts" name="error_login_firebase_testscript" time="0.001">
    <skipped/>
  </testcase> <!-- error_login_firebase_testscript -->
  <testcase classname="com.automation.tests.AutomationScripts" name="login_to_firebase_testscript" time="0.0">
    <skipped/>
  </testcase> <!-- login_to_firebase_testscript -->
</testsuite> <!-- Default test -->
